<?xml version="1.0" encoding="UTF-8"?>
<testng-results skipped="0" failed="0" ignored="0" total="1" passed="1">
  <reporter-output>
  </reporter-output>
  <suite name="Default suite" duration-ms="15218" started-at="2019-12-14T16:34:11 IST" finished-at="2019-12-14T16:34:26 IST">
    <groups>
    </groups>
    <test name="Default test" duration-ms="15218" started-at="2019-12-14T16:34:11 IST" finished-at="2019-12-14T16:34:26 IST">
      <class name="AmazonPOM.testcases.AmazonPOCTestcase">
        <test-method status="PASS" signature="setData()[pri:0, instance:AmazonPOM.testcases.AmazonPOCTestcase@51cdd8a]" name="setData" is-config="true" duration-ms="15" started-at="2019-12-14T16:34:11 IST" finished-at="2019-12-14T16:34:11 IST">
          <reporter-output>
          </reporter-output>
        </test-method> <!-- setData -->
        <test-method status="PASS" signature="login()[pri:0, instance:AmazonPOM.testcases.AmazonPOCTestcase@51cdd8a]" name="login" is-config="true" duration-ms="5683" started-at="2019-12-14T16:34:11 IST" finished-at="2019-12-14T16:34:17 IST">
          <reporter-output>
          </reporter-output>
        </test-method> <!-- login -->
        <test-method status="PASS" signature="buyProduct(java.lang.String)[pri:0, instance:AmazonPOM.testcases.AmazonPOCTestcase@51cdd8a]" name="buyProduct" duration-ms="8855" started-at="2019-12-14T16:34:17 IST" data-provider="fetchData" finished-at="2019-12-14T16:34:26 IST">
          <params>
            <param index="0">
              <value>
                <![CDATA[Samsung Galaxy M30]]>
              </value>
            </param>
          </params>
          <reporter-output>
          </reporter-output>
        </test-method> <!-- buyProduct -->
        <test-method status="PASS" signature="closeApp()[pri:0, instance:AmazonPOM.testcases.AmazonPOCTestcase@51cdd8a]" name="closeApp" is-config="true" duration-ms="66" started-at="2019-12-14T16:34:26 IST" finished-at="2019-12-14T16:34:26 IST">
          <reporter-output>
          </reporter-output>
        </test-method> <!-- closeApp -->
      </class> <!-- AmazonPOM.testcases.AmazonPOCTestcase -->
    </test> <!-- Default test -->
  </suite> <!-- Default suite -->
</testng-results>
